<?xml version="1.0" encoding="UTF-8"?>
<testsuite xmlns:xsi="http://www.w3.org/2001/XMLSchema-instance" xsi:schemaLocation="https://maven.apache.org/surefire/maven-surefire-plugin/xsd/surefire-test-report.xsd" name="TestSuite" time="106.998" tests="2" errors="0" skipped="0" failures="2">
  <properties>
[...]
</properties>
  <testcase name="testLoginTestJbilling" classname="com.test.jbilling.LoginTest" time="29.818">
    <failure message="Error communicating with the remote browser. It may have died.&#10;Build info: version: &apos;2.49.0&apos;, revision: &apos;365eeb44deba2067b1761c8862ef21d55250e063&apos;, time: &apos;2016-01-13 11:57:39&apos;&#10;System info: host: &apos;amit-LENOVO-3000-G580&apos;, ip: &apos;127.0.1.1&apos;, os.name: &apos;Linux&apos;, os.arch: &apos;amd64&apos;, os.version: &apos;3.19.0-61-generic&apos;, java.version: &apos;1.8.0_91&apos;&#10;Driver info: driver.version: RemoteWebDriver&#10;Capabilities [{rotatable=false, raisesAccessibilityExceptions=false, appBuildId=20161019084923, version=, platform=LINUX, proxy={}, command_id=1, specificationLevel=0, acceptSslCerts=false, processId=26431, browserVersion=49.0.2, platformVersion=3.19.0-61-generic, XULappId={ec8030f7-c20a-464f-9b0e-13a3a9e97384}, browserName=firefox, takesScreenshot=true, takesElementScreenshot=true, platformName=linux, device=desktop}]&#10;Session ID: 4781af56-1999-4813-bcbe-eb8515fb4b0e" type="org.openqa.selenium.remote.UnreachableBrowserException">org.openqa.selenium.remote.UnreachableBrowserException: 
Error communicating with the remote browser. It may have died.
Build info: version: '2.49.0', revision: '365eeb44deba2067b1761c8862ef21d55250e063', time: '2016-01-13 11:57:39'
System info: host: 'amit-LENOVO-3000-G580', ip: '127.0.1.1', os.name: 'Linux', os.arch: 'amd64', os.version: '3.19.0-61-generic', java.version: '1.8.0_91'
Driver info: driver.version: RemoteWebDriver
Capabilities [{rotatable=false, raisesAccessibilityExceptions=false, appBuildId=20161019084923, version=, platform=LINUX, proxy={}, command_id=1, specificationLevel=0, acceptSslCerts=false, processId=26431, browserVersion=49.0.2, platformVersion=3.19.0-61-generic, XULappId={ec8030f7-c20a-464f-9b0e-13a3a9e97384}, browserName=firefox, takesScreenshot=true, takesElementScreenshot=true, platformName=linux, device=desktop}]
Session ID: 4781af56-1999-4813-bcbe-eb8515fb4b0e
	at com.test.jbilling.LoginTest.testLoginTestJbilling(LoginTest.java:15)
Caused by: java.lang.NullPointerException
	at com.test.jbilling.LoginTest.testLoginTestJbilling(LoginTest.java:15)
</failure>
    <system-err><![CDATA[SLF4J: Failed to load class "org.slf4j.impl.StaticLoggerBinder".
SLF4J: Defaulting to no-operation (NOP) logger implementation
SLF4J: See http://www.slf4j.org/codes.html#StaticLoggerBinder for further details.
1478842300572	geckodriver	INFO	Listening on 127.0.0.1:2521
1478842301061	mozprofile::profile	INFO	Using profile path /tmp/rust_mozprofile.AYDqznfcqdhj
1478842301063	geckodriver::marionette	INFO	Starting browser /usr/bin/firefox
1478842301121	geckodriver::marionette	INFO	Connecting to Marionette on localhost:40138

(firefox:26431): GLib-GObject-CRITICAL **: g_object_ref: assertion 'object->ref_count > 0' failed

(firefox:26431): GLib-GObject-CRITICAL **: g_object_unref: assertion 'object->ref_count > 0' failed

(firefox:26431): GLib-GObject-CRITICAL **: g_object_ref: assertion 'object->ref_count > 0' failed

(firefox:26431): GLib-GObject-CRITICAL **: g_object_unref: assertion 'object->ref_count > 0' failed
1478842324864	Marionette	INFO	Listening on port 40138
1478842354597	Marionette	INFO	startBrowser 4781af56-1999-4813-bcbe-eb8515fb4b0e

(/opt/firefox49/plugin-container:26523): GLib-GObject-CRITICAL **: g_object_ref: assertion 'object->ref_count > 0' failed

(/opt/firefox49/plugin-container:26523): GLib-GObject-CRITICAL **: g_object_unref: assertion 'object->ref_count > 0' failed

(/opt/firefox49/plugin-container:26523): GLib-GObject-CRITICAL **: g_object_ref: assertion 'object->ref_count > 0' failed

(/opt/firefox49/plugin-container:26523): GLib-GObject-CRITICAL **: g_object_unref: assertion 'object->ref_count > 0' failed
JavaScript error: chrome://marionette/content/listener.js, line 897: TypeError: can't access dead object

###!!! [Child][MessageChannel] Error: (msgtype=0x4C0001,name=PCrashReporter::Msg_AnnotateCrashReport) Channel error: cannot send/recv


###!!! [Child][MessageChannel] Error: (msgtype=0x4600E3,name=PContent::Msg_GraphicsError) Channel error: cannot send/recv

Crash Annotation GraphicsCriticalError: |[C0][GFX1-]: Receive IPC close with reason=AbnormalShutdown (t=25.987) [GFX1-]: Receive IPC close with reason=AbnormalShutdown
]]></system-err>
  </testcase>
  <testcase name="tearDown" classname="com.test.jbilling.Browser" time="33.428">
    <failure message="Error communicating with the remote browser. It may have died.&#10;Build info: version: &apos;2.49.0&apos;, revision: &apos;365eeb44deba2067b1761c8862ef21d55250e063&apos;, time: &apos;2016-01-13 11:57:39&apos;&#10;System info: host: &apos;amit-LENOVO-3000-G580&apos;, ip: &apos;127.0.1.1&apos;, os.name: &apos;Linux&apos;, os.arch: &apos;amd64&apos;, os.version: &apos;3.19.0-61-generic&apos;, java.version: &apos;1.8.0_91&apos;&#10;Driver info: driver.version: RemoteWebDriver&#10;Capabilities [{rotatable=false, raisesAccessibilityExceptions=false, appBuildId=20161019084923, version=, platform=LINUX, proxy={}, command_id=1, specificationLevel=0, acceptSslCerts=false, processId=26431, browserVersion=49.0.2, platformVersion=3.19.0-61-generic, XULappId={ec8030f7-c20a-464f-9b0e-13a3a9e97384}, browserName=firefox, takesScreenshot=true, takesElementScreenshot=true, platformName=linux, device=desktop}]&#10;Session ID: 4781af56-1999-4813-bcbe-eb8515fb4b0e" type="org.openqa.selenium.remote.UnreachableBrowserException">org.openqa.selenium.remote.UnreachableBrowserException: 
Error communicating with the remote browser. It may have died.
Build info: version: '2.49.0', revision: '365eeb44deba2067b1761c8862ef21d55250e063', time: '2016-01-13 11:57:39'
System info: host: 'amit-LENOVO-3000-G580', ip: '127.0.1.1', os.name: 'Linux', os.arch: 'amd64', os.version: '3.19.0-61-generic', java.version: '1.8.0_91'
Driver info: driver.version: RemoteWebDriver
Capabilities [{rotatable=false, raisesAccessibilityExceptions=false, appBuildId=20161019084923, version=, platform=LINUX, proxy={}, command_id=1, specificationLevel=0, acceptSslCerts=false, processId=26431, browserVersion=49.0.2, platformVersion=3.19.0-61-generic, XULappId={ec8030f7-c20a-464f-9b0e-13a3a9e97384}, browserName=firefox, takesScreenshot=true, takesElementScreenshot=true, platformName=linux, device=desktop}]
Session ID: 4781af56-1999-4813-bcbe-eb8515fb4b0e
	at com.test.jbilling.Browser.tearDown(Browser.java:34)
Caused by: java.lang.NullPointerException
	at com.test.jbilling.Browser.tearDown(Browser.java:34)
</failure>
  </testcase>
</testsuite>