<?xml version="1.0" encoding="UTF-8"?>
<!-- Generated by org.testng.reporters.JUnitXMLReporter -->
<testsuite hostname="amit-LENOVO-3000-G580" name="Test" tests="1" failures="1" timestamp="11 Nov 2016 05:33:16 GMT" time="31.429" errors="0">
  <testcase name="testLoginTestJbilling" time="30.16" classname="com.test.jbilling.LoginTest">
    <failure type="org.openqa.selenium.remote.UnreachableBrowserException" message="Error communicating with the remote browser. It may have died.
Build info: version: &amp;apos;2.49.0&amp;apos;, revision: &amp;apos;365eeb44deba2067b1761c8862ef21d55250e063&amp;apos;, time: &amp;apos;2016-01-13 11:57:39&amp;apos;
System info: host: &amp;apos;amit-LENOVO-3000-G580&amp;apos;, ip: &amp;apos;127.0.1.1&amp;apos;, os.name: &amp;apos;Linux&amp;apos;, os.arch: &amp;apos;amd64&amp;apos;, os.version: &amp;apos;3.19.0-61-generic&amp;apos;, java.version: &amp;apos;1.8.0_91&amp;apos;
Driver info: driver.version: RemoteWebDriver
Capabilities [{rotatable=false, raisesAccessibilityExceptions=false, appBuildId=20161019084923, version=, platform=LINUX, proxy={}, command_id=1, specificationLevel=0, acceptSslCerts=false, processId=26431, browserVersion=49.0.2, platformVersion=3.19.0-61-generic, XULappId={ec8030f7-c20a-464f-9b0e-13a3a9e97384}, browserName=firefox, takesScreenshot=true, takesElementScreenshot=true, platformName=linux, device=desktop}]
Session ID: 4781af56-1999-4813-bcbe-eb8515fb4b0e">
      <![CDATA[org.openqa.selenium.remote.UnreachableBrowserException: Error communicating with the remote browser. It may have died.
Build info: version: '2.49.0', revision: '365eeb44deba2067b1761c8862ef21d55250e063', time: '2016-01-13 11:57:39'
System info: host: 'amit-LENOVO-3000-G580', ip: '127.0.1.1', os.name: 'Linux', os.arch: 'amd64', os.version: '3.19.0-61-generic', java.version: '1.8.0_91'
Driver info: driver.version: RemoteWebDriver
Capabilities [{rotatable=false, raisesAccessibilityExceptions=false, appBuildId=20161019084923, version=, platform=LINUX, proxy={}, command_id=1, specificationLevel=0, acceptSslCerts=false, processId=26431, browserVersion=49.0.2, platformVersion=3.19.0-61-generic, XULappId={ec8030f7-c20a-464f-9b0e-13a3a9e97384}, browserName=firefox, takesScreenshot=true, takesElementScreenshot=true, platformName=linux, device=desktop}]
Session ID: 4781af56-1999-4813-bcbe-eb8515fb4b0e
	at org.openqa.selenium.remote.RemoteWebDriver.execute(RemoteWebDriver.java:665)
	at org.openqa.selenium.remote.RemoteWebDriver.get(RemoteWebDriver.java:316)
	at com.test.jbilling.LoginTest.testLoginTestJbilling(LoginTest.java:15)
	at org.apache.maven.surefire.testng.TestNGExecutor.run(TestNGExecutor.java:281)
	at org.apache.maven.surefire.testng.TestNGXmlTestSuite.execute(TestNGXmlTestSuite.java:75)
	at org.apache.maven.surefire.testng.TestNGProvider.invoke(TestNGProvider.java:121)
	at org.apache.maven.surefire.booter.ForkedBooter.invokeProviderInSameClassLoader(ForkedBooter.java:290)
	at org.apache.maven.surefire.booter.ForkedBooter.runSuitesInProcess(ForkedBooter.java:242)
	at org.apache.maven.surefire.booter.ForkedBooter.main(ForkedBooter.java:121)
Caused by: java.lang.NullPointerException
	at org.openqa.selenium.remote.ErrorCodes.toStatus(ErrorCodes.java:256)
	at org.openqa.selenium.remote.JsonToBeanConverter.convert(JsonToBeanConverter.java:118)
	at org.openqa.selenium.remote.JsonToBeanConverter.convert(JsonToBeanConverter.java:42)
	at org.openqa.selenium.remote.http.JsonHttpResponseCodec.decode(JsonHttpResponseCodec.java:78)
	at org.openqa.selenium.remote.HttpCommandExecutor.execute(HttpCommandExecutor.java:145)
	at org.openqa.selenium.remote.service.DriverCommandExecutor.execute(DriverCommandExecutor.java:82)
	at org.openqa.selenium.remote.RemoteWebDriver.execute(RemoteWebDriver.java:644)
	... 29 more
... Removed 21 stack frames]]>
    </failure>
  </testcase> <!-- testLoginTestJbilling -->
</testsuite> <!-- Test -->
